Reading netlist file: "H:\git\PCB_PhasedArray\sample\impl\gwsynthesis\Phased_Array.vg"
Parsing netlist file "H:\git\PCB_PhasedArray\sample\impl\gwsynthesis\Phased_Array.vg" completed
Processing netlist completed
Reading constraint file: "H:\git\PCB_PhasedArray\sample\src\7seg.cst"
Physical Constraint parsed completed
Running placement......
[10%] Placement Phase 0 completed
[20%] Placement Phase 1 completed
[30%] Placement Phase 2 completed
[50%] Placement Phase 3 completed
Running routing......
[60%] Routing Phase 0 completed
[70%] Routing Phase 1 completed
[80%] Routing Phase 2 completed
[90%] Routing Phase 3 completed
Running timing analysis......
[95%] Timing analysis completed
Placement and routing completed
Bitstream generation in progress......
Bitstream generation completed
Running power analysis......
[100%] Power analysis completed
Generate file "H:\git\PCB_PhasedArray\sample\impl\pnr\Phased_Array.power.html" completed
Generate file "H:\git\PCB_PhasedArray\sample\impl\pnr\Phased_Array.pin.html" completed
Generate file "H:\git\PCB_PhasedArray\sample\impl\pnr\Phased_Array.rpt.html" completed
Generate file "H:\git\PCB_PhasedArray\sample\impl\pnr\Phased_Array.rpt.txt" completed
Generate file "H:\git\PCB_PhasedArray\sample\impl\pnr\Phased_Array.tr.html" completed
Mon Oct 16 00:51:49 2023

